=== fr_np32_r1 (--n_pairs 32 --r 1) ===
step     0  ce 5.4342  tok_acc 0.0039  episode_recall 0.0000  (1s)
step  1000  ce 3.8296  tok_acc 0.0703  episode_recall 0.0000  (81s)
step  2000  ce 0.2609  tok_acc 0.9404  episode_recall 0.7852  (160s)
step  3000  ce 0.0269  tok_acc 0.9971  episode_recall 0.9883  (239s)
step  4000  ce 0.0053  tok_acc 0.9912  episode_recall 0.9648  (319s)
step  5000  ce 0.0085  tok_acc 0.9961  episode_recall 0.9844  (399s)
step  5999  ce 0.0052  tok_acc 0.9941  episode_recall 0.9766  (481s)
{"final_tokacc": 0.9941, "final_recall": 0.9766, "wall_s": 480.9}
=== fr_np32_r4 (--n_pairs 32 --r 4) ===
step     0  ce 5.4064  tok_acc 0.0049  episode_recall 0.0000  (1s)
step  1000  ce 3.8253  tok_acc 0.0850  episode_recall 0.0000  (85s)
step  2000  ce 3.5928  tok_acc 0.0820  episode_recall 0.0000  (170s)
step  3000  ce 0.2763  tok_acc 0.9121  episode_recall 0.7031  (254s)
step  4000  ce 0.1055  tok_acc 0.9727  episode_recall 0.8984  (339s)
step  5000  ce 0.0622  tok_acc 0.9805  episode_recall 0.9258  (423s)
step  5999  ce 0.0682  tok_acc 0.9893  episode_recall 0.9609  (507s)
{"final_tokacc": 0.9893, "final_recall": 0.9609, "wall_s": 506.6}
=== fr_np64_r1 (--n_pairs 64 --r 1) ===
step     0  ce 5.4165  tok_acc 0.0039  episode_recall 0.0000  (1s)
step  1000  ce 4.1638  tok_acc 0.0195  episode_recall 0.0000  (154s)
step  2000  ce 3.6030  tok_acc 0.1299  episode_recall 0.0000  (307s)
step  3000  ce 0.4429  tok_acc 0.8623  episode_recall 0.5625  (459s)
step  4000  ce 0.1514  tok_acc 0.9795  episode_recall 0.9180  (612s)
step  5000  ce 0.0337  tok_acc 0.9805  episode_recall 0.9219  (766s)
step  5999  ce 0.0423  tok_acc 0.9941  episode_recall 0.9766  (920s)
{"final_tokacc": 0.9941, "final_recall": 0.9766, "wall_s": 920.0}
=== fr_np64_r4 (--n_pairs 64 --r 4) ===
step     0  ce 5.4318  tok_acc 0.0078  episode_recall 0.0000  (1s)
step  1000  ce 4.1856  tok_acc 0.0166  episode_recall 0.0000  (157s)
step  2000  ce 4.0915  tok_acc 0.0459  episode_recall 0.0000  (312s)
step  3000  ce 3.9079  tok_acc 0.0576  episode_recall 0.0000  (468s)
step  4000  ce 3.3679  tok_acc 0.1143  episode_recall 0.0000  (625s)
step  5000  ce 1.0008  tok_acc 0.6973  episode_recall 0.2070  (779s)
step  5999  ce 0.2001  tok_acc 0.9346  episode_recall 0.7617  (934s)
{"final_tokacc": 0.9346, "final_recall": 0.7617, "wall_s": 933.7}
=== fr_np32_r1_dk16 (--n_pairs 32 --r 1 --dk 16) ===
step     0  ce 5.4650  tok_acc 0.0029  episode_recall 0.0000  (1s)
step  1000  ce 3.8398  tok_acc 0.0791  episode_recall 0.0000  (83s)
step  2000  ce 2.0628  tok_acc 0.3906  episode_recall 0.0156  (165s)
step  3000  ce 0.0679  tok_acc 0.9570  episode_recall 0.8398  (247s)
step  4000  ce 0.0402  tok_acc 0.9854  episode_recall 0.9453  (328s)
step  5000  ce 0.0484  tok_acc 0.9863  episode_recall 0.9531  (410s)
step  5999  ce 0.0152  tok_acc 0.9893  episode_recall 0.9648  (491s)
{"final_tokacc": 0.9893, "final_recall": 0.9648, "wall_s": 490.6}
=== fr_np32_r4_dk16 (--n_pairs 32 --r 4 --dk 16) ===
step     0  ce 5.4299  tok_acc 0.0010  episode_recall 0.0000  (1s)
step  1000  ce 3.9414  tok_acc 0.0586  episode_recall 0.0000  (83s)
step  2000  ce 3.6564  tok_acc 0.0723  episode_recall 0.0000  (165s)
step  3000  ce 3.5490  tok_acc 0.0859  episode_recall 0.0000  (248s)
step  4000  ce 3.1777  tok_acc 0.1650  episode_recall 0.0000  (331s)
step  5000  ce 1.1096  tok_acc 0.6943  episode_recall 0.2461  (413s)
step  5999  ce 0.4852  tok_acc 0.8311  episode_recall 0.4727  (495s)
{"final_tokacc": 0.8311, "final_recall": 0.4727, "wall_s": 495.3}
=== fr_np64_r1_P32R4 (--n_pairs 64 --r 1 --compact_P 32 --compact_R 4) ===
step     0  ce 5.4128  tok_acc 0.0020  episode_recall 0.0000  (1s)
step  1000  ce 4.1947  tok_acc 0.0166  episode_recall 0.0000  (155s)
step  2000  ce 4.1640  tok_acc 0.0215  episode_recall 0.0000  (309s)
step  3000  ce 4.0762  tok_acc 0.0283  episode_recall 0.0000  (463s)
step  4000  ce 4.0354  tok_acc 0.0479  episode_recall 0.0000  (617s)
step  5000  ce 3.8766  tok_acc 0.0811  episode_recall 0.0000  (771s)
step  5999  ce 3.6805  tok_acc 0.0977  episode_recall 0.0000  (925s)
{"final_tokacc": 0.0977, "final_recall": 0.0, "wall_s": 925.0}
=== fr_np64_r4_P32R4 (--n_pairs 64 --r 4 --compact_P 32 --compact_R 4) ===
step     0  ce 5.4323  tok_acc 0.0068  episode_recall 0.0000  (1s)
step  1000  ce 4.2013  tok_acc 0.0137  episode_recall 0.0000  (160s)
step  2000  ce 4.1808  tok_acc 0.0156  episode_recall 0.0000  (322s)
step  3000  ce 4.1503  tok_acc 0.0244  episode_recall 0.0000  (481s)
step  4000  ce 4.1080  tok_acc 0.0391  episode_recall 0.0000  (639s)
step  5000  ce 3.9997  tok_acc 0.0410  episode_recall 0.0000  (801s)
step  5999  ce 4.0038  tok_acc 0.0527  episode_recall 0.0000  (959s)
{"final_tokacc": 0.0527, "final_recall": 0.0, "wall_s": 959.2}
SUITE DONE
