=== tr_np16_noconv_trap (--n_pairs 16 --r 1 --no_conv --trap) ===
step     0  ce 5.3917  tok_acc 0.0088  episode_recall 0.0000  (1s)
step  1000  ce 3.1096  tok_acc 0.1270  episode_recall 0.0000  (58s)
step  2000  ce 2.9960  tok_acc 0.1025  episode_recall 0.0000  (115s)
step  3000  ce 2.9383  tok_acc 0.1045  episode_recall 0.0000  (172s)
step  4000  ce 2.8237  tok_acc 0.1016  episode_recall 0.0000  (229s)
step  5000  ce 2.8671  tok_acc 0.1113  episode_recall 0.0000  (286s)
step  5999  ce 2.7027  tok_acc 0.1025  episode_recall 0.0000  (343s)
{"final_tokacc": 0.1025, "final_recall": 0.0, "wall_s": 343.0}
=== tr_np64_noconv_trap (--n_pairs 64 --r 1 --no_conv --trap) ===
step     0  ce 5.4674  tok_acc 0.0029  episode_recall 0.0000  (1s)
step  1000  ce 3.9836  tok_acc 0.0439  episode_recall 0.0000  (188s)
step  2000  ce 3.8923  tok_acc 0.0654  episode_recall 0.0000  (374s)
step  3000  ce 3.8448  tok_acc 0.0645  episode_recall 0.0000  (562s)
step  4000  ce 3.7937  tok_acc 0.0635  episode_recall 0.0000  (749s)
step  5000  ce 3.7483  tok_acc 0.0508  episode_recall 0.0000  (937s)
step  5999  ce 3.7935  tok_acc 0.0586  episode_recall 0.0000  (1125s)
{"final_tokacc": 0.0586, "final_recall": 0.0, "wall_s": 1125.1}
=== tr_np64_conv_trap (--n_pairs 64 --r 1 --trap) ===
step     0  ce 5.3966  tok_acc 0.0049  episode_recall 0.0000  (1s)
step  1000  ce 4.1405  tok_acc 0.0381  episode_recall 0.0000  (191s)
step  2000  ce 3.9275  tok_acc 0.0645  episode_recall 0.0000  (381s)
step  3000  ce 0.9270  tok_acc 0.7568  episode_recall 0.3359  (570s)
step  4000  ce 0.2064  tok_acc 0.9619  episode_recall 0.8672  (759s)
step  5000  ce 0.0556  tok_acc 0.9766  episode_recall 0.9141  (950s)
step  5999  ce 0.0696  tok_acc 0.9863  episode_recall 0.9453  (1140s)
{"final_tokacc": 0.9863, "final_recall": 0.9453, "wall_s": 1140.1}
SUITE DONE
