=== m3_rot (--r 1 --rot) ===
step     0  ce 5.5130  tok_acc 0.0098  episode_recall 0.0000  (1s)
step  1000  ce 4.1493  tok_acc 0.0283  episode_recall 0.0000  (154s)
step  2000  ce 3.9694  tok_acc 0.0547  episode_recall 0.0000  (306s)
step  3000  ce 3.7720  tok_acc 0.0713  episode_recall 0.0000  (457s)
step  4000  ce 1.1532  tok_acc 0.7354  episode_recall 0.2969  (609s)
step  5000  ce 0.0580  tok_acc 0.9697  episode_recall 0.8789  (760s)
step  5999  ce 0.0321  tok_acc 0.9883  episode_recall 0.9570  (906s)
{"final_tokacc": 0.9883, "final_recall": 0.957, "wall_s": 906.0}
=== m3_rot_trap (--r 1 --rot --trap) ===
step     0  ce 5.4707  tok_acc 0.0059  episode_recall 0.0000  (1s)
step  1000  ce 4.1199  tok_acc 0.0264  episode_recall 0.0000  (179s)
step  2000  ce 2.8256  tok_acc 0.3027  episode_recall 0.0117  (357s)
step  3000  ce 0.1337  tok_acc 0.9434  episode_recall 0.7930  (536s)
step  4000  ce 0.0750  tok_acc 0.9795  episode_recall 0.9180  (714s)
step  5000  ce 0.0397  tok_acc 0.9912  episode_recall 0.9648  (892s)
step  5999  ce 0.0665  tok_acc 0.9932  episode_recall 0.9727  (1070s)
{"final_tokacc": 0.9932, "final_recall": 0.9727, "wall_s": 1070.0}
=== m3_rout4 (--r 1 --r_out 4) ===
step     0  ce 5.4158  tok_acc 0.0059  episode_recall 0.0000  (1s)
step  1000  ce 4.0871  tok_acc 0.0371  episode_recall 0.0000  (150s)
step  2000  ce 3.0680  tok_acc 0.2197  episode_recall 0.0039  (298s)
step  3000  ce 0.2000  tok_acc 0.9424  episode_recall 0.7852  (447s)
step  4000  ce 0.0595  tok_acc 0.9814  episode_recall 0.9336  (596s)
step  5000  ce 0.0132  tok_acc 0.9961  episode_recall 0.9844  (745s)
step  5999  ce 0.0438  tok_acc 0.9961  episode_recall 0.9844  (893s)
{"final_tokacc": 0.9961, "final_recall": 0.9844, "wall_s": 893.3}
=== m3_r4_rout4_ortho (--r 4 --r_out 4 --slot_ortho 0.1) ===
step     0  ce 5.4976  tok_acc 0.0068  episode_recall 0.0000  (1s)
step  1000  ce 4.1822  tok_acc 0.0166  episode_recall 0.0000  (163s)
step  2000  ce 4.0203  tok_acc 0.0605  episode_recall 0.0000  (326s)
step  3000  ce 3.7434  tok_acc 0.0752  episode_recall 0.0000  (488s)
step  4000  ce 0.3177  tok_acc 0.9062  episode_recall 0.6914  (650s)
step  5000  ce 0.0491  tok_acc 0.9795  episode_recall 0.9180  (813s)
step  5999  ce 0.0467  tok_acc 0.9873  episode_recall 0.9492  (975s)
{"final_tokacc": 0.9873, "final_recall": 0.9492, "wall_s": 974.9}
=== m3_rot_ste (--r 1 --rot --compact_P 32 --compact_R 16 --compact_ste) ===
step     0  ce 5.5119  tok_acc 0.0098  episode_recall 0.0000  (1s)
step  1000  ce 4.1564  tok_acc 0.0283  episode_recall 0.0000  (148s)
step  2000  ce 3.9565  tok_acc 0.0576  episode_recall 0.0000  (294s)
step  3000  ce 3.7627  tok_acc 0.0752  episode_recall 0.0000  (441s)
step  4000  ce 1.1428  tok_acc 0.7109  episode_recall 0.2461  (588s)
step  5000  ce 0.1709  tok_acc 0.9648  episode_recall 0.8594  (734s)
step  5999  ce 0.0845  tok_acc 0.9883  episode_recall 0.9531  (881s)
{"final_tokacc": 0.9883, "final_recall": 0.9531, "wall_s": 881.2}
SUITE DONE
