[transformers] `torch_dtype` is deprecated! Use `dtype` instead!
[transformers] The fast path is not available because one of the required library is not installed. Falling back to torch implementation. To install follow https://github.com/fla-org/flash-linear-attention#installation and https://github.com/Dao-AILab/causal-conv1d
Loading weights:   0%|          | 0/320 [00:00<?, ?it/s]Loading weights: 100%|██████████| 320/320 [00:00<00:00, 4392.57it/s]

=== teacher ===
     ctx  needles  queries   recall    exact
    1024       16        1     1.00     1.00
    1024       16        4     0.81     0.25
    2048       16        1     1.00     1.00
    2048       16        4     0.75     0.25
    4096       16        1     1.00     1.00
    4096       16        4     0.88     0.75
wrote research/runs_fable/ruler_teacher.json
[transformers] `torch_dtype` is deprecated! Use `dtype` instead!
[transformers] The fast path is not available because one of the required library is not installed. Falling back to torch implementation. To install follow https://github.com/fla-org/flash-linear-attention#installation and https://github.com/Dao-AILab/causal-conv1d
Loading weights:   0%|          | 0/320 [00:00<?, ?it/s]Loading weights:  85%|████████▌ | 273/320 [00:00<00:00, 2727.56it/s]Loading weights: 100%|██████████| 320/320 [00:00<00:00, 1398.32it/s]

GDN3 Upgrade: Scanning 24 layers...
  [KMD-2] using Fable's rank-r MIMO delta drop-in
  Layer  0: linear_attention -> GDN3 Kr-MIMO [OK]
  Layer  1: linear_attention -> GDN3 Kr-MIMO [OK]
  Layer  2: linear_attention -> GDN3 Kr-MIMO [OK]
  Layer  3: full_attention [PRESERVED]
  Layer  4: linear_attention -> GDN3 Kr-MIMO [OK]
  Layer  5: linear_attention -> GDN3 Kr-MIMO [OK]
  Layer  6: linear_attention -> GDN3 Kr-MIMO [OK]
  Layer  7: full_attention [PRESERVED]
  Layer  8: linear_attention -> GDN3 Kr-MIMO [OK]
  Layer  9: linear_attention -> GDN3 Kr-MIMO [OK]
  Layer 10: linear_attention -> GDN3 Kr-MIMO [OK]
  Layer 11: full_attention [PRESERVED]
  Layer 12: linear_attention -> GDN3 Kr-MIMO [OK]
  Layer 13: linear_attention -> GDN3 Kr-MIMO [OK]
  Layer 14: linear_attention -> GDN3 Kr-MIMO [OK]
  Layer 15: full_attention [PRESERVED]
  Layer 16: linear_attention -> GDN3 Kr-MIMO [OK]
  Layer 17: linear_attention -> GDN3 Kr-MIMO [OK]
  Layer 18: linear_attention -> GDN3 Kr-MIMO [OK]
  Layer 19: full_attention [PRESERVED]
  Layer 20: linear_attention -> GDN3 Kr-MIMO [OK]
  Layer 21: linear_attention -> GDN3 Kr-MIMO [OK]
  Layer 22: linear_attention -> GDN3 Kr-MIMO [OK]
  Layer 23: full_attention [PRESERVED]

Upgrade complete: 18 layers upgraded
[student rout=4] loaded 306 tensors from /home/dev/gdn3_fable/runs/kmd2_heal_rout4/final

=== rout4 ===
     ctx  needles  queries   recall    exact
    1024       16        1     0.00     0.00
    1024       16        4     0.00     0.00
    2048       16        1     0.00     0.00
    2048       16        4     0.00     0.00
    4096       16        1     0.00     0.00
    4096       16        4     0.00     0.00
wrote research/runs_fable/ruler_rout4.json
